4/8/2014 11:29:47 AM	This log contains information about the import schema operation into project 'Database1' on computer 'GOTSONG' by user 'jamesdavis'.
4/8/2014 11:29:48 AM	Import of database schema has started.
4/8/2014 11:29:54 AM	Gathering database options
4/8/2014 11:29:54 AM	Gathering users
4/8/2014 11:29:54 AM	Gathering roles
4/8/2014 11:29:54 AM	Gathering application roles
4/8/2014 11:29:54 AM	Gathering role memberships
4/8/2014 11:29:54 AM	Gathering filegroups
4/8/2014 11:29:54 AM	Gathering full-text catalogs
4/8/2014 11:29:54 AM	Gathering assemblies
4/8/2014 11:29:54 AM	Gathering certificates
4/8/2014 11:29:54 AM	Gathering asymmetric keys
4/8/2014 11:29:54 AM	Gathering symmetric keys
4/8/2014 11:29:54 AM	Gathering encrypted symmetric keys
4/8/2014 11:29:54 AM	Gathering schemas
4/8/2014 11:29:54 AM	Gathering XML schema collections
4/8/2014 11:29:54 AM	Gathering user-defined data types
4/8/2014 11:29:54 AM	Gathering user-defined types
4/8/2014 11:29:54 AM	Gathering table types
4/8/2014 11:29:54 AM	Gathering unique keys for table types
4/8/2014 11:29:54 AM	Gathering primary keys for table types
4/8/2014 11:29:54 AM	Gathering check constraints for table types
4/8/2014 11:29:54 AM	Gathering default constraints for table types
4/8/2014 11:29:54 AM	Gathering partition functions
4/8/2014 11:29:54 AM	Gathering partition schemes
4/8/2014 11:29:54 AM	Gathering functions
4/8/2014 11:29:54 AM	Gathering encrypted functions
4/8/2014 11:29:54 AM	Gathering aggregates
4/8/2014 11:29:54 AM	Gathering procedures
4/8/2014 11:29:55 AM	Gathering encrypted procedures
4/8/2014 11:29:55 AM	Gathering tables
4/8/2014 11:29:55 AM	Gathering primary keys
4/8/2014 11:29:56 AM	Gathering unique constraints
4/8/2014 11:29:56 AM	Gathering foreign keys
4/8/2014 11:29:56 AM	Gathering default constraints
4/8/2014 11:29:56 AM	Gathering check constraints
4/8/2014 11:29:56 AM	Gathering views
4/8/2014 11:29:56 AM	Gathering encrypted views
4/8/2014 11:29:56 AM	Gathering indexes
4/8/2014 11:29:56 AM	Gathering statistics
4/8/2014 11:29:56 AM	Gathering full-text index stoplists
4/8/2014 11:29:56 AM	Gathering search property lists
4/8/2014 11:29:56 AM	Gathering search properties
4/8/2014 11:29:56 AM	Gathering full-text indexes
4/8/2014 11:29:56 AM	Gathering column store indexes
4/8/2014 11:29:56 AM	Gathering spatial indexes
4/8/2014 11:29:56 AM	Gathering XML indexes
4/8/2014 11:29:56 AM	Gathering Selective XML indexes
4/8/2014 11:29:56 AM	Gathering encrypted triggers
4/8/2014 11:29:56 AM	Gathering triggers
4/8/2014 11:29:56 AM	Gathering encrypted and clr ddl triggers
4/8/2014 11:29:56 AM	Gathering ddl triggers
4/8/2014 11:29:56 AM	Gathering synonyms
4/8/2014 11:29:56 AM	Gathering defaults
4/8/2014 11:29:56 AM	Gathering data constraint uddt bindings
4/8/2014 11:29:56 AM	Gathering rules
4/8/2014 11:29:56 AM	Gathering data constraint uddt bindings
4/8/2014 11:29:56 AM	Gathering message types
4/8/2014 11:29:56 AM	Gathering queues
4/8/2014 11:29:56 AM	Gathering contracts
4/8/2014 11:29:56 AM	Gathering services
4/8/2014 11:29:56 AM	Gathering event notifications
4/8/2014 11:29:56 AM	Gathering remote service bindings
4/8/2014 11:29:56 AM	Gathering broker priorities
4/8/2014 11:29:56 AM	Gathering signatures
4/8/2014 11:29:56 AM	Gathering data compression options
4/8/2014 11:29:56 AM	Gathering sequence types
4/8/2014 11:29:56 AM	Gathering database permissions
4/8/2014 11:29:56 AM	Gathering extended properties
4/8/2014 11:29:56 AM	Gathering credentials
4/8/2014 11:29:56 AM	Gathering logins
4/8/2014 11:29:56 AM	Gathering server audits
4/8/2014 11:29:58 AM	Scanning project for duplicate elements
4/8/2014 11:29:59 AM	Finished duplicate element processing
4/8/2014 11:30:00 AM	Finished importing database.
4/8/2014 11:30:00 AM	A summary of the import was saved to the following location: C:\JCVentures\Synergy\PDTS\Database1\Import Schema Logs\Database1_20140408042947.log
4/8/2014 11:30:00 AM	Click Finish to continue...
